2016-05-23 01:12:18.2904 - FATAL: System.Xml.XPath.XPathException: Namespace Manager or XsltContext needed. This query has a prefix, variable, or user-defined function.
   at MS.Internal.Xml.XPath.CompiledXpathExpr.get_QueryTree()
   at System.Xml.XPath.XPathNavigator.Evaluate(XPathExpression expr, XPathNodeIterator context)
   at System.Xml.XPath.XPathNavigator.Select(XPathExpression expr)
   at HtmlAgilityPack.HtmlNode.SelectNodes(String xpath) in d:\SVN_CHECKOUT\htmlagilitypack\Trunk\HtmlAgilityPack\HtmlNode.Xpath.cs:line 37
   at Caribs.Common.Helpers.CaribsClient.<CheckIfDailyBonusAwarded>d__e.MoveNext() in d:\Projects\Caribs\Caribs.Common\Helpers\CaribsClient.cs:line 114
--- End of stack trace from previous location where exception was thrown ---
   at System.Runtime.CompilerServices.TaskAwaiter.ThrowForNonSuccess(Task task)
   at System.Runtime.CompilerServices.TaskAwaiter.HandleNonSuccessAndDebuggerNotification(Task task)
   at System.Runtime.CompilerServices.TaskAwaiter`1.GetResult()
   at Caribs.Services.SchedulerService.<StartAutoclicker>d__0.MoveNext() in d:\Projects\Caribs\Caribs.Services\SchedulerService.cs:line 30
EXCEPTION: System.Xml.XPath.XPathException: Namespace Manager or XsltContext needed. This query has a prefix, variable, or user-defined function.
   at MS.Internal.Xml.XPath.CompiledXpathExpr.get_QueryTree()
   at System.Xml.XPath.XPathNavigator.Evaluate(XPathExpression expr, XPathNodeIterator context)
   at System.Xml.XPath.XPathNavigator.Select(XPathExpression expr)
   at HtmlAgilityPack.HtmlNode.SelectNodes(String xpath) in d:\SVN_CHECKOUT\htmlagilitypack\Trunk\HtmlAgilityPack\HtmlNode.Xpath.cs:line 37
   at Caribs.Common.Helpers.CaribsClient.<CheckIfDailyBonusAwarded>d__e.MoveNext() in d:\Projects\Caribs\Caribs.Common\Helpers\CaribsClient.cs:line 114
--- End of stack trace from previous location where exception was thrown ---
   at System.Runtime.CompilerServices.TaskAwaiter.ThrowForNonSuccess(Task task)
   at System.Runtime.CompilerServices.TaskAwaiter.HandleNonSuccessAndDebuggerNotification(Task task)
   at System.Runtime.CompilerServices.TaskAwaiter`1.GetResult()
   at Caribs.Services.SchedulerService.<StartAutoclicker>d__0.MoveNext() in d:\Projects\Caribs\Caribs.Services\SchedulerService.cs:line 30
